<?xml version="1.0" encoding="UTF-8"?>
<!-- Generated by org.testng.reporters.JUnitXMLReporter -->
<testsuite hostname="AbHiGyAn-PC" ignored="0" name="Default test" tests="4" failures="0" timestamp="2020-07-13T13:55:48 IST" time="59.977" errors="0">
  <testcase name="validate" time="0.044" classname="com.bikewale.test.TestNG"/>
  <testcase name="filtering" time="9.459" classname="com.bikewale.test.TestNG"/>
  <testcase name="writing" time="7.936" classname="com.bikewale.test.TestNG"/>
  <testcase name="picture" time="0.576" classname="com.bikewale.test.TestNG"/>
</testsuite> <!-- Default test -->
